<?xml version="1.0" encoding="UTF-8"?>
<!-- Generated by org.testng.reporters.JUnitXMLReporter -->
<testsuite ignored="0" hostname="DESKTOP-AKSS5SR" failures="0" tests="3" name="Test" time="3.435" errors="0" timestamp="2025-01-12T13:12:17 IST">
  <testcase classname="com.qa.tests.GetAPITest" name="getAPITestWithoutHeaders" time="1.801"/>
  <testcase classname="com.qa.tests.GetAPITest" name="getAPITestWithHeaders" time="0.232"/>
  <testcase classname="com.qa.tests.PostAPITest" name="postAPITest" time="1.334"/>
</testsuite> <!-- Test -->
