<?xml version="1.0" encoding="UTF-8"?>
<!-- Generated by org.testng.reporters.JUnitXMLReporter -->
<testsuite ignored="0" hostname="DESKTOP-7OGS9KI" failures="0" tests="4" name="Default test" time="14.111" errors="0" timestamp="2024-03-22T19:15:00 IST">
  <testcase classname="api.test.UserTests" name="testPostUser" time="6.431"/>
  <testcase classname="api.test.UserTests" name="testGetUser" time="1.78"/>
  <testcase classname="api.test.UserTests" name="testUpdateUser" time="3.842"/>
  <testcase classname="api.test.UserTests" name="testDeleteUser" time="1.617"/>
</testsuite> <!-- Default test -->
