<?xml version="1.0" encoding="UTF-8"?>
<testng-results ignored="0" total="1" passed="1" failed="0" skipped="0">
  <reporter-output>
  </reporter-output>
  <suite started-at="2023-09-21T18:02:28 IST" name="Surefire suite" finished-at="2023-09-21T18:02:58 IST" duration-ms="29133">
    <groups>
    </groups>
    <test started-at="2023-09-21T18:02:28 IST" name="Surefire test" finished-at="2023-09-21T18:02:58 IST" duration-ms="29133">
      <class name="com.guru99Bank.driverfactory.TestGuru99Bank">
        <test-method is-config="true" signature="initDriver()[pri:0, instance:com.guru99Bank.driverfactory.TestGuru99Bank@503d687a]" started-at="2023-09-21T18:02:29 IST" name="initDriver" finished-at="2023-09-21T18:02:52 IST" duration-ms="23531" status="PASS">
          <reporter-output>
          </reporter-output>
        </test-method> <!-- initDriver -->
        <test-method signature="LoginScenario()[pri:0, instance:com.guru99Bank.driverfactory.TestGuru99Bank@503d687a]" started-at="2023-09-21T18:02:52 IST" name="LoginScenario" finished-at="2023-09-21T18:02:56 IST" duration-ms="4048" status="PASS">
          <reporter-output>
          </reporter-output>
        </test-method> <!-- LoginScenario -->
        <test-method is-config="true" signature="quit()[pri:0, instance:com.guru99Bank.driverfactory.TestGuru99Bank@503d687a]" started-at="2023-09-21T18:02:56 IST" name="quit" finished-at="2023-09-21T18:02:58 IST" duration-ms="1343" status="PASS">
          <reporter-output>
          </reporter-output>
        </test-method> <!-- quit -->
      </class> <!-- com.guru99Bank.driverfactory.TestGuru99Bank -->
    </test> <!-- Surefire test -->
  </suite> <!-- Surefire suite -->
</testng-results>
