<?xml version="1.0" encoding="UTF-8"?>
<!-- Generated by org.testng.reporters.JUnitXMLReporter -->
<testsuite ignored="2" hostname="DESKTOP-AKSS5SR" failures="0" tests="2" name="OrangeHRMLogin" time="38.341" errors="0" timestamp="2025-03-23T16:08:58 IST">
  <testcase classname="com.hyrtutorials.testng.H23_Parameter" name="EnterLoginDetails" time="5.132"/>
  <testcase classname="com.hyrtutorials.testng.H23_Parameter" name="VerifyLogin" time="5.815"/>
  <testcase classname="com.hyrtutorials.testng.H23_Parameter" name="NavigateToMyInfo" time="0.0">
    <ignored/>
  </testcase> <!-- NavigateToMyInfo -->
  <testcase classname="com.hyrtutorials.testng.H23_Parameter" name="VerifyMyInfo" time="0.0">
    <ignored/>
  </testcase> <!-- VerifyMyInfo -->
</testsuite> <!-- OrangeHRMLogin -->
