<?xml version="1.0" encoding="UTF-8"?>
<!-- Generated by org.testng.reporters.JUnitXMLReporter -->
<testsuite ignored="1" hostname="DESKTOP-AKSS5SR" failures="0" tests="3" name="OrangeHRMMyInfo" time="17.989" errors="0" timestamp="2025-03-23T16:09:16 IST">
  <testcase classname="com.hyrtutorials.testng.H23_Parameter" name="EnterLoginDetails" time="1.128"/>
  <testcase classname="com.hyrtutorials.testng.H23_Parameter" name="NavigateToMyInfo" time="3.577"/>
  <testcase classname="com.hyrtutorials.testng.H23_Parameter" name="VerifyMyInfo" time="0.958"/>
  <testcase classname="com.hyrtutorials.testng.H23_Parameter" name="VerifyLogin" time="0.0">
    <ignored/>
  </testcase> <!-- VerifyLogin -->
</testsuite> <!-- OrangeHRMMyInfo -->
