<?xml version="1.0" encoding="UTF-8"?>
<!-- Generated by org.testng.reporters.JUnitXMLReporter -->
<testsuite ignored="0" hostname="DESKTOP-7OGS9KI" failures="0" tests="6" name="Test4" time="0.025" errors="0" timestamp="2024-06-25T12:09:43 IST">
  <testcase classname="com.hyrtutorials.parallel.TestClass7" name="testMethod1" time="0.002"/>
  <testcase classname="com.hyrtutorials.parallel.TestClass7" name="testMethod2" time="0.002"/>
  <testcase classname="com.hyrtutorials.parallel.TestClass7" name="testMethod3" time="0.001"/>
  <testcase classname="com.hyrtutorials.parallel.TestClass7" name="testMethod5" time="0.002"/>
  <testcase classname="com.hyrtutorials.parallel.TestClass7" name="testMethod6" time="0.001"/>
  <testcase classname="com.hyrtutorials.parallel.TestClass7" name="testMethod7" time="0.002"/>
</testsuite> <!-- Test4 -->
