<?xml version="1.0" encoding="UTF-8"?>
<!-- Generated by org.testng.reporters.JUnitXMLReporter -->
<testsuite ignored="0" hostname="DESKTOP-7OGS9KI" failures="0" tests="2" name="TestFF(failed)" time="74.457" errors="0" timestamp="2023-08-01T10:11:35 IST">
  <testcase classname="com.qspider.scripts.InvalidLoginExcel" name="testInvalidLogin" time="13.298"/>
  <testcase classname="com.qspider.scripts.VerifyBuildNumber" name="testVerifyBuildNumber" time="13.818"/>
</testsuite> <!-- TestFF(failed) -->
