<?xml version="1.0" encoding="UTF-8"?>
<testng-results ignored="0" total="1" passed="1" failed="0" skipped="0">
  <reporter-output>
  </reporter-output>
  <suite started-at="2025-03-20T10:19:14 IST" name="Default suite" finished-at="2025-03-20T10:19:23 IST" duration-ms="9091">
    <groups>
    </groups>
    <test started-at="2025-03-20T10:19:14 IST" name="Default test" finished-at="2025-03-20T10:19:23 IST" duration-ms="9091">
      <class name="chaniningGoRest.CRUDChaining">
        <test-method is-config="true" signature="setup()[pri:0, instance:chaniningGoRest.CRUDChaining@1de76cc7]" started-at="2025-03-20T10:19:14 IST" name="setup" finished-at="2025-03-20T10:19:15 IST" duration-ms="791" status="PASS">
          <reporter-output>
          </reporter-output>
        </test-method> <!-- setup -->
        <test-method signature="testChaining()[pri:0, instance:chaniningGoRest.CRUDChaining@1de76cc7]" started-at="2025-03-20T10:19:15 IST" name="testChaining" finished-at="2025-03-20T10:19:23 IST" duration-ms="8239" status="PASS">
          <reporter-output>
          </reporter-output>
        </test-method> <!-- testChaining -->
      </class> <!-- chaniningGoRest.CRUDChaining -->
    </test> <!-- Default test -->
  </suite> <!-- Default suite -->
</testng-results>
