<?xml version="1.0" encoding="UTF-8"?>
<!-- Generated by org.testng.reporters.JUnitXMLReporter -->
<testsuite ignored="0" hostname="DESKTOP-7OGS9KI" failures="0" tests="3" name="TestFF" time="1.955" errors="0" timestamp="2023-08-01T13:00:11 IST">
  <testcase classname="com.qspider.scripts.BaseTest" name="@BeforeMethod preCondition" time="1.583">
    <failure type="org.openqa.selenium.SessionNotCreatedException" message="Could not start a new session. Possible causes are invalid address of the remote server or browser start-up failure. 
Host info: host: &amp;apos;DESKTOP-7OGS9KI&amp;apos;, ip: &amp;apos;192.168.7.105&amp;apos;
Build info: version: &amp;apos;4.10.0&amp;apos;, revision: &amp;apos;c14d967899&amp;apos;
System info: os.name: &amp;apos;Windows 10&amp;apos;, os.arch: &amp;apos;amd64&amp;apos;, os.version: &amp;apos;10.0&amp;apos;, java.version: &amp;apos;15.0.1&amp;apos;
Driver info: org.openqa.selenium.remote.RemoteWebDriver
Command: [null, newSession {capabilities=[Capabilities {browserName: MicrosoftEdge, ms:edgeOptions: {args: [--remote-allow-origins=*], extensions: []}, platform: windows}]}]
Capabilities {browserName: MicrosoftEdge, ms:edgeOptions: {args: [--remote-allow-origins=*], extensions: []}, platform: windows}">
      <![CDATA[org.openqa.selenium.SessionNotCreatedException: Could not start a new session. Possible causes are invalid address of the remote server or browser start-up failure. 
Host info: host: 'DESKTOP-7OGS9KI', ip: '192.168.7.105'
Build info: version: '4.10.0', revision: 'c14d967899'
System info: os.name: 'Windows 10', os.arch: 'amd64', os.version: '10.0', java.version: '15.0.1'
Driver info: org.openqa.selenium.remote.RemoteWebDriver
Command: [null, newSession {capabilities=[Capabilities {browserName: MicrosoftEdge, ms:edgeOptions: {args: [--remote-allow-origins=*], extensions: []}, platform: windows}]}]
Capabilities {browserName: MicrosoftEdge, ms:edgeOptions: {args: [--remote-allow-origins=*], extensions: []}, platform: windows}
at org.openqa.selenium.remote.RemoteWebDriver.execute(RemoteWebDriver.java:549)
at org.openqa.selenium.remote.RemoteWebDriver.startSession(RemoteWebDriver.java:227)
at org.openqa.selenium.remote.RemoteWebDriver.<init>(RemoteWebDriver.java:154)
at org.openqa.selenium.remote.RemoteWebDriver.<init>(RemoteWebDriver.java:134)
at com.qspider.scripts.BaseTest.preCondition(BaseTest.java:41)
at java.base/java.util.ArrayList.forEach(ArrayList.java:1511)
at java.base/java.util.concurrent.FutureTask.run(FutureTask.java:264)
at java.base/java.util.concurrent.ThreadPoolExecutor.runWorker(ThreadPoolExecutor.java:1130)
at java.base/java.util.concurrent.ThreadPoolExecutor$Worker.run(ThreadPoolExecutor.java:630)
at java.base/java.lang.Thread.run(Thread.java:832)
Caused by: java.lang.IllegalArgumentException: Illegal key values seen in w3c capabilities: [platform]
at org.openqa.selenium.remote.NewSessionPayload.lambda$validate$4(NewSessionPayload.java:184)
at java.base/java.util.stream.ReferencePipeline$11$1.accept(ReferencePipeline.java:441)
at java.base/java.util.stream.ReferencePipeline$11$1.accept(ReferencePipeline.java:442)
at java.base/java.util.stream.ReferencePipeline$3$1.accept(ReferencePipeline.java:195)
at java.base/java.util.stream.ReferencePipeline$11$1.accept(ReferencePipeline.java:442)
at java.base/java.util.ArrayList$ArrayListSpliterator.forEachRemaining(ArrayList.java:1625)
at java.base/java.util.stream.AbstractPipeline.copyInto(AbstractPipeline.java:484)
at java.base/java.util.stream.AbstractPipeline.wrapAndCopyInto(AbstractPipeline.java:474)
at java.base/java.util.stream.ForEachOps$ForEachOp.evaluateSequential(ForEachOps.java:150)
at java.base/java.util.stream.ForEachOps$ForEachOp$OfRef.evaluateSequential(ForEachOps.java:173)
at java.base/java.util.stream.AbstractPipeline.evaluate(AbstractPipeline.java:234)
at java.base/java.util.stream.ReferencePipeline.forEach(ReferencePipeline.java:497)
at org.openqa.selenium.remote.NewSessionPayload.validate(NewSessionPayload.java:188)
at org.openqa.selenium.remote.NewSessionPayload.<init>(NewSessionPayload.java:91)
at org.openqa.selenium.remote.NewSessionPayload.create(NewSessionPayload.java:127)
at org.openqa.selenium.remote.NewSessionPayload.create(NewSessionPayload.java:111)
at org.openqa.selenium.remote.ProtocolHandshake.createSession(ProtocolHandshake.java:67)
at org.openqa.selenium.remote.HttpCommandExecutor.execute(HttpCommandExecutor.java:163)
at org.openqa.selenium.remote.TracedCommandExecutor.execute(TracedCommandExecutor.java:51)
at org.openqa.selenium.remote.RemoteWebDriver.execute(RemoteWebDriver.java:531)
... 30 more
... Removed 21 stack frames]]>
    </failure>
  </testcase> <!-- @BeforeMethod preCondition -->
  <testcase classname="com.qspider.scripts.BaseTest" name="@AfterMethod postCondition" time="0.0">
    <skipped/>
  </testcase> <!-- @AfterMethod postCondition -->
  <testcase classname="com.qspider.scripts.BaseTest" name="@BeforeMethod preCondition" time="0.048">
    <failure type="org.openqa.selenium.SessionNotCreatedException" message="Could not start a new session. Possible causes are invalid address of the remote server or browser start-up failure. 
Host info: host: &amp;apos;DESKTOP-7OGS9KI&amp;apos;, ip: &amp;apos;192.168.7.105&amp;apos;
Build info: version: &amp;apos;4.10.0&amp;apos;, revision: &amp;apos;c14d967899&amp;apos;
System info: os.name: &amp;apos;Windows 10&amp;apos;, os.arch: &amp;apos;amd64&amp;apos;, os.version: &amp;apos;10.0&amp;apos;, java.version: &amp;apos;15.0.1&amp;apos;
Driver info: org.openqa.selenium.remote.RemoteWebDriver
Command: [null, newSession {capabilities=[Capabilities {browserName: MicrosoftEdge, ms:edgeOptions: {args: [--remote-allow-origins=*], extensions: []}, platform: windows}]}]
Capabilities {browserName: MicrosoftEdge, ms:edgeOptions: {args: [--remote-allow-origins=*], extensions: []}, platform: windows}">
      <![CDATA[org.openqa.selenium.SessionNotCreatedException: Could not start a new session. Possible causes are invalid address of the remote server or browser start-up failure. 
Host info: host: 'DESKTOP-7OGS9KI', ip: '192.168.7.105'
Build info: version: '4.10.0', revision: 'c14d967899'
System info: os.name: 'Windows 10', os.arch: 'amd64', os.version: '10.0', java.version: '15.0.1'
Driver info: org.openqa.selenium.remote.RemoteWebDriver
Command: [null, newSession {capabilities=[Capabilities {browserName: MicrosoftEdge, ms:edgeOptions: {args: [--remote-allow-origins=*], extensions: []}, platform: windows}]}]
Capabilities {browserName: MicrosoftEdge, ms:edgeOptions: {args: [--remote-allow-origins=*], extensions: []}, platform: windows}
at org.openqa.selenium.remote.RemoteWebDriver.execute(RemoteWebDriver.java:549)
at org.openqa.selenium.remote.RemoteWebDriver.startSession(RemoteWebDriver.java:227)
at org.openqa.selenium.remote.RemoteWebDriver.<init>(RemoteWebDriver.java:154)
at org.openqa.selenium.remote.RemoteWebDriver.<init>(RemoteWebDriver.java:134)
at com.qspider.scripts.BaseTest.preCondition(BaseTest.java:41)
at java.base/java.util.ArrayList.forEach(ArrayList.java:1511)
at java.base/java.util.concurrent.FutureTask.run(FutureTask.java:264)
at java.base/java.util.concurrent.ThreadPoolExecutor.runWorker(ThreadPoolExecutor.java:1130)
at java.base/java.util.concurrent.ThreadPoolExecutor$Worker.run(ThreadPoolExecutor.java:630)
at java.base/java.lang.Thread.run(Thread.java:832)
Caused by: java.lang.IllegalArgumentException: Illegal key values seen in w3c capabilities: [platform]
at org.openqa.selenium.remote.NewSessionPayload.lambda$validate$4(NewSessionPayload.java:184)
at java.base/java.util.stream.ReferencePipeline$11$1.accept(ReferencePipeline.java:441)
at java.base/java.util.stream.ReferencePipeline$11$1.accept(ReferencePipeline.java:442)
at java.base/java.util.stream.ReferencePipeline$3$1.accept(ReferencePipeline.java:195)
at java.base/java.util.stream.ReferencePipeline$11$1.accept(ReferencePipeline.java:442)
at java.base/java.util.ArrayList$ArrayListSpliterator.forEachRemaining(ArrayList.java:1625)
at java.base/java.util.stream.AbstractPipeline.copyInto(AbstractPipeline.java:484)
at java.base/java.util.stream.AbstractPipeline.wrapAndCopyInto(AbstractPipeline.java:474)
at java.base/java.util.stream.ForEachOps$ForEachOp.evaluateSequential(ForEachOps.java:150)
at java.base/java.util.stream.ForEachOps$ForEachOp$OfRef.evaluateSequential(ForEachOps.java:173)
at java.base/java.util.stream.AbstractPipeline.evaluate(AbstractPipeline.java:234)
at java.base/java.util.stream.ReferencePipeline.forEach(ReferencePipeline.java:497)
at org.openqa.selenium.remote.NewSessionPayload.validate(NewSessionPayload.java:188)
at org.openqa.selenium.remote.NewSessionPayload.<init>(NewSessionPayload.java:91)
at org.openqa.selenium.remote.NewSessionPayload.create(NewSessionPayload.java:127)
at org.openqa.selenium.remote.NewSessionPayload.create(NewSessionPayload.java:111)
at org.openqa.selenium.remote.ProtocolHandshake.createSession(ProtocolHandshake.java:67)
at org.openqa.selenium.remote.HttpCommandExecutor.execute(HttpCommandExecutor.java:163)
at org.openqa.selenium.remote.TracedCommandExecutor.execute(TracedCommandExecutor.java:51)
at org.openqa.selenium.remote.RemoteWebDriver.execute(RemoteWebDriver.java:531)
... 30 more
... Removed 21 stack frames]]>
    </failure>
  </testcase> <!-- @BeforeMethod preCondition -->
  <testcase classname="com.qspider.scripts.BaseTest" name="@AfterMethod postCondition" time="0.0">
    <skipped/>
  </testcase> <!-- @AfterMethod postCondition -->
  <testcase classname="com.qspider.scripts.BaseTest" name="@BeforeMethod preCondition" time="0.047">
    <failure type="org.openqa.selenium.SessionNotCreatedException" message="Could not start a new session. Possible causes are invalid address of the remote server or browser start-up failure. 
Host info: host: &amp;apos;DESKTOP-7OGS9KI&amp;apos;, ip: &amp;apos;192.168.7.105&amp;apos;
Build info: version: &amp;apos;4.10.0&amp;apos;, revision: &amp;apos;c14d967899&amp;apos;
System info: os.name: &amp;apos;Windows 10&amp;apos;, os.arch: &amp;apos;amd64&amp;apos;, os.version: &amp;apos;10.0&amp;apos;, java.version: &amp;apos;15.0.1&amp;apos;
Driver info: org.openqa.selenium.remote.RemoteWebDriver
Command: [null, newSession {capabilities=[Capabilities {browserName: MicrosoftEdge, ms:edgeOptions: {args: [--remote-allow-origins=*], extensions: []}, platform: windows}]}]
Capabilities {browserName: MicrosoftEdge, ms:edgeOptions: {args: [--remote-allow-origins=*], extensions: []}, platform: windows}">
      <![CDATA[org.openqa.selenium.SessionNotCreatedException: Could not start a new session. Possible causes are invalid address of the remote server or browser start-up failure. 
Host info: host: 'DESKTOP-7OGS9KI', ip: '192.168.7.105'
Build info: version: '4.10.0', revision: 'c14d967899'
System info: os.name: 'Windows 10', os.arch: 'amd64', os.version: '10.0', java.version: '15.0.1'
Driver info: org.openqa.selenium.remote.RemoteWebDriver
Command: [null, newSession {capabilities=[Capabilities {browserName: MicrosoftEdge, ms:edgeOptions: {args: [--remote-allow-origins=*], extensions: []}, platform: windows}]}]
Capabilities {browserName: MicrosoftEdge, ms:edgeOptions: {args: [--remote-allow-origins=*], extensions: []}, platform: windows}
at org.openqa.selenium.remote.RemoteWebDriver.execute(RemoteWebDriver.java:549)
at org.openqa.selenium.remote.RemoteWebDriver.startSession(RemoteWebDriver.java:227)
at org.openqa.selenium.remote.RemoteWebDriver.<init>(RemoteWebDriver.java:154)
at org.openqa.selenium.remote.RemoteWebDriver.<init>(RemoteWebDriver.java:134)
at com.qspider.scripts.BaseTest.preCondition(BaseTest.java:41)
at java.base/java.util.ArrayList.forEach(ArrayList.java:1511)
at java.base/java.util.concurrent.FutureTask.run(FutureTask.java:264)
at java.base/java.util.concurrent.ThreadPoolExecutor.runWorker(ThreadPoolExecutor.java:1130)
at java.base/java.util.concurrent.ThreadPoolExecutor$Worker.run(ThreadPoolExecutor.java:630)
at java.base/java.lang.Thread.run(Thread.java:832)
Caused by: java.lang.IllegalArgumentException: Illegal key values seen in w3c capabilities: [platform]
at org.openqa.selenium.remote.NewSessionPayload.lambda$validate$4(NewSessionPayload.java:184)
at java.base/java.util.stream.ReferencePipeline$11$1.accept(ReferencePipeline.java:441)
at java.base/java.util.stream.ReferencePipeline$11$1.accept(ReferencePipeline.java:442)
at java.base/java.util.stream.ReferencePipeline$3$1.accept(ReferencePipeline.java:195)
at java.base/java.util.stream.ReferencePipeline$11$1.accept(ReferencePipeline.java:442)
at java.base/java.util.ArrayList$ArrayListSpliterator.forEachRemaining(ArrayList.java:1625)
at java.base/java.util.stream.AbstractPipeline.copyInto(AbstractPipeline.java:484)
at java.base/java.util.stream.AbstractPipeline.wrapAndCopyInto(AbstractPipeline.java:474)
at java.base/java.util.stream.ForEachOps$ForEachOp.evaluateSequential(ForEachOps.java:150)
at java.base/java.util.stream.ForEachOps$ForEachOp$OfRef.evaluateSequential(ForEachOps.java:173)
at java.base/java.util.stream.AbstractPipeline.evaluate(AbstractPipeline.java:234)
at java.base/java.util.stream.ReferencePipeline.forEach(ReferencePipeline.java:497)
at org.openqa.selenium.remote.NewSessionPayload.validate(NewSessionPayload.java:188)
at org.openqa.selenium.remote.NewSessionPayload.<init>(NewSessionPayload.java:91)
at org.openqa.selenium.remote.NewSessionPayload.create(NewSessionPayload.java:127)
at org.openqa.selenium.remote.NewSessionPayload.create(NewSessionPayload.java:111)
at org.openqa.selenium.remote.ProtocolHandshake.createSession(ProtocolHandshake.java:67)
at org.openqa.selenium.remote.HttpCommandExecutor.execute(HttpCommandExecutor.java:163)
at org.openqa.selenium.remote.TracedCommandExecutor.execute(TracedCommandExecutor.java:51)
at org.openqa.selenium.remote.RemoteWebDriver.execute(RemoteWebDriver.java:531)
... 30 more
... Removed 21 stack frames]]>
    </failure>
  </testcase> <!-- @BeforeMethod preCondition -->
  <testcase classname="com.qspider.scripts.BaseTest" name="@AfterMethod postCondition" time="0.0">
    <skipped/>
  </testcase> <!-- @AfterMethod postCondition -->
  <testcase classname="com.qspider.scripts.VerifyBuildNumber" name="testVerifyBuildNumber" time="0.0">
    <skipped/>
  </testcase> <!-- testVerifyBuildNumber -->
  <testcase classname="com.qspider.scripts.InvalidLoginExcel" name="testInvalidLogin" time="0.001">
    <skipped/>
  </testcase> <!-- testInvalidLogin -->
  <testcase classname="com.qspider.scripts.ValidLoginExcel" name="testValidLogin" time="0.0">
    <skipped/>
  </testcase> <!-- testValidLogin -->
</testsuite> <!-- TestFF -->
