<?xml version="1.0" encoding="UTF-8"?>
<testng-results ignored="0" total="4" passed="4" failed="0" skipped="0">
  <reporter-output>
  </reporter-output>
  <suite started-at="2024-03-24T09:37:17 IST" name="PetSuite" finished-at="2024-03-24T09:37:35 IST" duration-ms="17520">
    <groups>
    </groups>
    <test started-at="2024-03-24T09:37:17 IST" name="PetTests" finished-at="2024-03-24T09:37:35 IST" duration-ms="17520">
      <class name="api.test.UserTests2">
        <test-method is-config="true" signature="setupData()[pri:0, instance:api.test.UserTests2@6e9175d8]" started-at="2024-03-24T09:37:18 IST" name="setupData" finished-at="2024-03-24T09:37:20 IST" duration-ms="2187" status="PASS">
          <reporter-output>
          </reporter-output>
        </test-method> <!-- setupData -->
        <test-method signature="testPostUser()[pri:1, instance:api.test.UserTests2@6e9175d8]" started-at="2024-03-24T09:37:20 IST" name="testPostUser" finished-at="2024-03-24T09:37:28 IST" duration-ms="7904" status="PASS">
          <reporter-output>
          </reporter-output>
        </test-method> <!-- testPostUser -->
        <test-method signature="testGetUser()[pri:2, instance:api.test.UserTests2@6e9175d8]" started-at="2024-03-24T09:37:28 IST" name="testGetUser" finished-at="2024-03-24T09:37:30 IST" duration-ms="1806" status="PASS">
          <reporter-output>
          </reporter-output>
        </test-method> <!-- testGetUser -->
        <test-method signature="testUpdateUser()[pri:3, instance:api.test.UserTests2@6e9175d8]" started-at="2024-03-24T09:37:30 IST" name="testUpdateUser" finished-at="2024-03-24T09:37:33 IST" duration-ms="3178" status="PASS">
          <reporter-output>
          </reporter-output>
        </test-method> <!-- testUpdateUser -->
        <test-method signature="testDeleteUser()[pri:4, instance:api.test.UserTests2@6e9175d8]" started-at="2024-03-24T09:37:33 IST" name="testDeleteUser" finished-at="2024-03-24T09:37:35 IST" duration-ms="1567" status="PASS">
          <reporter-output>
          </reporter-output>
        </test-method> <!-- testDeleteUser -->
      </class> <!-- api.test.UserTests2 -->
    </test> <!-- PetTests -->
  </suite> <!-- PetSuite -->
</testng-results>
