<?xml version="1.0" encoding="UTF-8"?>
<!-- Generated by org.testng.reporters.JUnitXMLReporter -->
<testsuite ignored="0" hostname="DESKTOP-AKSS5SR" failures="0" tests="4" name="Test1" time="0.222" errors="0" timestamp="2025-07-15T16:46:11 IST">
  <testcase classname="com.selenium.java.P40_TestNG_BeforeAfterSuite" name="test_1" time="0.015"/>
  <testcase classname="com.selenium.java.P40_TestNG_BeforeAfterSuite" name="test_2" time="0.011"/>
  <testcase classname="com.selenium.java.P40_TestNG_BeforeAfterSuite2" name="test_1" time="0.004"/>
  <testcase classname="com.selenium.java.P40_TestNG_BeforeAfterSuite2" name="test_2" time="0.001"/>
</testsuite> <!-- Test1 -->
