<?xml version="1.0" encoding="UTF-8"?>
<!-- Generated by org.testng.reporters.JUnitXMLReporter -->
<testsuite ignored="3" hostname="DESKTOP-AKSS5SR" failures="0" tests="1" name="Test" time="0.06" errors="0" timestamp="2025-04-12T14:49:02 IST">
  <testcase classname="com.selenium.java.P47_TestNG_Groups" name="prepaidRecharge" time="0.011"/>
  <testcase classname="com.selenium.java.P47_TestNG_Groups" name="cart" time="0.0">
    <ignored/>
  </testcase> <!-- cart -->
  <testcase classname="com.selenium.java.P47_TestNG_Groups" name="billPayments" time="0.0">
    <ignored/>
  </testcase> <!-- billPayments -->
  <testcase classname="com.selenium.java.P47_TestNG_Groups" name="myProfile" time="0.0">
    <ignored/>
  </testcase> <!-- myProfile -->
</testsuite> <!-- Test -->
