<?xml version="1.0" encoding="UTF-8"?>
<!-- Generated by org.testng.reporters.JUnitXMLReporter -->
<testsuite ignored="0" hostname="DESKTOP-AKSS5SR" failures="0" tests="3" name="Default test" time="1.639" errors="0" timestamp="2025-04-01T15:47:27 IST">
  <testcase classname="com.hyrtutorials.testng.H25_ExcelDataReceiver" name="TestLogin" time="0.01"/>
  <testcase classname="com.hyrtutorials.testng.H25_ExcelDataReceiver" name="TestLogin" time="0.005"/>
  <testcase classname="com.hyrtutorials.testng.H25_ExcelDataReceiver" name="TestLogin" time="0.005"/>
</testsuite> <!-- Default test -->
