<?xml version="1.0" encoding="UTF-8"?>
<!-- Generated by org.testng.reporters.JUnitXMLReporter -->
<testsuite ignored="0" hostname="DESKTOP-AKSS5SR" failures="0" tests="4" name="Test" time="48.403" errors="0" timestamp="2025-03-31T22:26:25 IST">
  <testcase classname="testCases.TC003_LoginDataDrivenTest" name="verify_loginDDT" time="2.769"/>
  <testcase classname="testCases.TC003_LoginDataDrivenTest" name="verify_loginDDT" time="11.521"/>
  <testcase classname="testCases.TC003_LoginDataDrivenTest" name="verify_loginDDT" time="11.778"/>
  <testcase classname="testCases.TC003_LoginDataDrivenTest" name="verify_loginDDT" time="11.22"/>
</testsuite> <!-- Test -->
