<?xml version="1.0" encoding="UTF-8"?>
<testng-results ignored="0" total="0" passed="0" failed="0" skipped="0">
  <reporter-output>
  </reporter-output>
  <suite started-at="2023-10-02T17:07:34Z" name="Default suite" finished-at="2023-10-02T17:07:40Z" duration-ms="6200">
    <groups>
      <group name="cucumber">
        <method signature="AbstractTestNGCucumberTests.runScenario(io.cucumber.testng.PickleWrapper, io.cucumber.testng.FeatureWrapper)[pri:0, instance:Parallel.ParallelRunner@27216cd]" name="runScenario" class="io.cucumber.testng.AbstractTestNGCucumberTests"/>
      </group> <!-- cucumber -->
    </groups>
    <test started-at="2023-10-02T17:07:34Z" name="Default test" finished-at="2023-10-02T17:07:40Z" duration-ms="6200">
      <class name="Parallel.ParallelRunner">
        <test-method is-config="true" signature="setUpClass()[pri:0, instance:Parallel.ParallelRunner@27216cd]" started-at="2023-10-02T17:07:34Z" name="setUpClass" finished-at="2023-10-02T17:07:38Z" duration-ms="3221" status="PASS">
          <reporter-output>
          </reporter-output>
        </test-method> <!-- setUpClass -->
        <test-method is-config="true" signature="tearDownClass()[pri:0, instance:Parallel.ParallelRunner@27216cd]" started-at="2023-10-02T17:07:38Z" name="tearDownClass" finished-at="2023-10-02T17:07:40Z" duration-ms="2919" status="PASS">
          <reporter-output>
          </reporter-output>
        </test-method> <!-- tearDownClass -->
      </class> <!-- Parallel.ParallelRunner -->
    </test> <!-- Default test -->
  </suite> <!-- Default suite -->
</testng-results>
